<?xml version="1.0" encoding="UTF-8"?>
<!-- Generated by org.testng.reporters.JUnitReportReporter -->
<testsuite hostname="HP" failures="0" tests="1" name="com.qa.test.PostAPITest" time="5.103" errors="0" timestamp="2020-06-10T16:10:05 IST" skipped="0">
  <testcase classname="com.qa.test.PostAPITest" name="postTest" time="5.103"/>
  <system-out/>
</testsuite> <!-- com.qa.test.PostAPITest -->
