<?xml version="1.0" encoding="UTF-8"?>
<!-- Generated by org.testng.reporters.JUnitReportReporter -->
<testsuite hostname="HP" failures="0" tests="2" name="com.qa.test.GetApiTests" time="3.786" errors="0" timestamp="2020-05-27T13:21:29 IST" skipped="0">
  <testcase classname="com.qa.test.GetApiTests" name="getTestWithoutHeader" time="3.117"/>
  <system-out/>
  <testcase classname="com.qa.test.GetApiTests" name="getTestWithHeader" time="0.669"/>
  <system-out/>
</testsuite> <!-- com.qa.test.GetApiTests -->
